<?xml version="1.0" encoding="UTF-8"?>
<!-- Generated by org.testng.reporters.JUnitReportReporter -->
<testsuite hostname="Balaji" failures="0" tests="4" name="com.excelr.test.LoginUserInterfaceTest" time="102.086" errors="0" timestamp="2022-09-06T16:54:17 IST" skipped="0">
  <testcase classname="com.excelr.test.LoginUserInterfaceTest" name="validateTitleTest" time="16.322"/>
  <system-out/>
  <testcase classname="com.excelr.test.LoginUserInterfaceTest" name="applicationDescriptionTest" time="53.215"/>
  <system-out/>
  <testcase classname="com.excelr.test.LoginUserInterfaceTest" name="applicationDescriptionTest" time="18.154"/>
  <system-out/>
  <testcase classname="com.excelr.test.LoginUserInterfaceTest" name="validateTitleTest" time="14.395"/>
  <system-out/>
</testsuite> <!-- com.excelr.test.LoginUserInterfaceTest -->
